# JRE version: Java(TM) SE Runtime Environment (8.0_241-b07) (build 1.8.0_241-b07)
# Java VM: Java HotSpot(TM) 64-Bit Server VM (25.241-b07 mixed mode windows-amd64 compressed oops)
Heap:
 PSYoungGen      total 139776K, used 61071K [0x00000000d6200000, 0x00000000e7300000, 0x0000000100000000)
  eden space 130048K, 46% used [0x00000000d6200000,0x00000000d9da3d08,0x00000000de100000)
  from space 9728K, 0% used [0x00000000de100000,0x00000000de100000,0x00000000dea80000)
  to   space 9728K, 0% used [0x00000000e6980000,0x00000000e6980000,0x00000000e7300000)
 ParOldGen       total 51712K, used 6128K [0x0000000082600000, 0x0000000085880000, 0x00000000d6200000)
  object space 51712K, 11% used [0x0000000082600000,0x0000000082bfc2c0,0x0000000085880000)
 Metaspace       used 27104K, capacity 28184K, committed 28288K, reserved 1073152K
  class space    used 3450K, capacity 3704K, committed 3712K, reserved 1048576K
GC Heap History (10 events):
Event: 0.898 GC heap before
{Heap before GC invocations=4 (full 0):
 PSYoungGen      total 37888K, used 37871K [0x00000000d6200000, 0x00000000dac00000, 0x0000000100000000)
  eden space 32768K, 99% used [0x00000000d6200000,0x00000000d81fe8c8,0x00000000d8200000)
  from space 5120K, 99% used [0x00000000d8200000,0x00000000d86fd5a0,0x00000000d8700000)
  to   space 5120K, 0% used [0x00000000da700000,0x00000000da700000,0x00000000dac00000)
 ParOldGen       total 86016K, used 3817K [0x0000000082600000, 0x0000000087a00000, 0x00000000d6200000)
  object space 86016K, 4% used [0x0000000082600000,0x00000000829ba4f0,0x0000000087a00000)
 Metaspace       used 17880K, capacity 18536K, committed 18816K, reserved 1064960K
  class space    used 2251K, capacity 2402K, committed 2432K, reserved 1048576K
Event: 0.902 GC heap after
Heap after GC invocations=4 (full 0):
 PSYoungGen      total 70656K, used 4258K [0x00000000d6200000, 0x00000000dac00000, 0x0000000100000000)
  eden space 65536K, 0% used [0x00000000d6200000,0x00000000d6200000,0x00000000da200000)
  from space 5120K, 83% used [0x00000000da700000,0x00000000dab28b48,0x00000000dac00000)
  to   space 5120K, 0% used [0x00000000da200000,0x00000000da200000,0x00000000da700000)
 ParOldGen       total 86016K, used 3825K [0x0000000082600000, 0x0000000087a00000, 0x00000000d6200000)
  object space 86016K, 4% used [0x0000000082600000,0x00000000829bc4f0,0x0000000087a00000)
 Metaspace       used 17880K, capacity 18536K, committed 18816K, reserved 1064960K
  class space    used 2251K, capacity 2402K, committed 2432K, reserved 1048576K
}
Event: 1.172 GC heap before
{Heap before GC invocations=5 (full 0):
 PSYoungGen      total 70656K, used 69794K [0x00000000d6200000, 0x00000000dac00000, 0x0000000100000000)
  eden space 65536K, 100% used [0x00000000d6200000,0x00000000da200000,0x00000000da200000)
  from space 5120K, 83% used [0x00000000da700000,0x00000000dab28b48,0x00000000dac00000)
  to   space 5120K, 0% used [0x00000000da200000,0x00000000da200000,0x00000000da700000)
 ParOldGen       total 86016K, used 3825K [0x0000000082600000, 0x0000000087a00000, 0x00000000d6200000)
  object space 86016K, 4% used [0x0000000082600000,0x00000000829bc4f0,0x0000000087a00000)
 Metaspace       used 19338K, capacity 20094K, committed 20352K, reserved 1067008K
  class space    used 2401K, capacity 2573K, committed 2688K, reserved 1048576K
Event: 1.178 GC heap after
Heap after GC invocations=5 (full 0):
 PSYoungGen      total 70656K, used 5098K [0x00000000d6200000, 0x00000000df300000, 0x0000000100000000)
  eden space 65536K, 0% used [0x00000000d6200000,0x00000000d6200000,0x00000000da200000)
  from space 5120K, 99% used [0x00000000da200000,0x00000000da6faa30,0x00000000da700000)
  to   space 8704K, 0% used [0x00000000dea80000,0x00000000dea80000,0x00000000df300000)
 ParOldGen       total 86016K, used 5479K [0x0000000082600000, 0x0000000087a00000, 0x00000000d6200000)
  object space 86016K, 6% used [0x0000000082600000,0x0000000082b59da8,0x0000000087a00000)
 Metaspace       used 19338K, capacity 20094K, committed 20352K, reserved 1067008K
  class space    used 2401K, capacity 2573K, committed 2688K, reserved 1048576K
}
Event: 1.372 GC heap before
{Heap before GC invocations=6 (full 0):
 PSYoungGen      total 70656K, used 70634K [0x00000000d6200000, 0x00000000df300000, 0x0000000100000000)
  eden space 65536K, 100% used [0x00000000d6200000,0x00000000da200000,0x00000000da200000)
  from space 5120K, 99% used [0x00000000da200000,0x00000000da6faa30,0x00000000da700000)
  to   space 8704K, 0% used [0x00000000dea80000,0x00000000dea80000,0x00000000df300000)
 ParOldGen       total 86016K, used 5479K [0x0000000082600000, 0x0000000087a00000, 0x00000000d6200000)
  object space 86016K, 6% used [0x0000000082600000,0x0000000082b59da8,0x0000000087a00000)
 Metaspace       used 19893K, capacity 20668K, committed 20864K, reserved 1067008K
  class space    used 2467K, capacity 2656K, committed 2688K, reserved 1048576K
Event: 1.378 GC heap after
Heap after GC invocations=6 (full 0):
 PSYoungGen      total 138752K, used 8110K [0x00000000d6200000, 0x00000000df500000, 0x0000000100000000)
  eden space 130048K, 0% used [0x00000000d6200000,0x00000000d6200000,0x00000000de100000)
  from space 8704K, 93% used [0x00000000dea80000,0x00000000df26bbe0,0x00000000df300000)
  to   space 9728K, 0% used [0x00000000de100000,0x00000000de100000,0x00000000dea80000)
 ParOldGen       total 86016K, used 5487K [0x0000000082600000, 0x0000000087a00000, 0x00000000d6200000)
  object space 86016K, 6% used [0x0000000082600000,0x0000000082b5bda8,0x0000000087a00000)
 Metaspace       used 19893K, capacity 20668K, committed 20864K, reserved 1067008K
  class space    used 2467K, capacity 2656K, committed 2688K, reserved 1048576K
}
Event: 1.445 GC heap before
{Heap before GC invocations=7 (full 0):
 PSYoungGen      total 138752K, used 59816K [0x00000000d6200000, 0x00000000df500000, 0x0000000100000000)
  eden space 130048K, 39% used [0x00000000d6200000,0x00000000d947e640,0x00000000de100000)
  from space 8704K, 93% used [0x00000000dea80000,0x00000000df26bbe0,0x00000000df300000)
  to   space 9728K, 0% used [0x00000000de100000,0x00000000de100000,0x00000000dea80000)
 ParOldGen       total 86016K, used 5487K [0x0000000082600000, 0x0000000087a00000, 0x00000000d6200000)
  object space 86016K, 6% used [0x0000000082600000,0x0000000082b5bda8,0x0000000087a00000)
 Metaspace       used 20337K, capacity 21118K, committed 21248K, reserved 1067008K
  class space    used 2525K, capacity 2733K, committed 2816K, reserved 1048576K
Event: 1.450 GC heap after
Heap after GC invocations=7 (full 0):
 PSYoungGen      total 139776K, used 3602K [0x00000000d6200000, 0x00000000e7300000, 0x0000000100000000)
  eden space 130048K, 0% used [0x00000000d6200000,0x00000000d6200000,0x00000000de100000)
  from space 9728K, 37% used [0x00000000de100000,0x00000000de484aa8,0x00000000dea80000)
  to   space 9728K, 0% used [0x00000000e6980000,0x00000000e6980000,0x00000000e7300000)
 ParOldGen       total 86016K, used 8153K [0x0000000082600000, 0x0000000087a00000, 0x00000000d6200000)
  object space 86016K, 9% used [0x0000000082600000,0x0000000082df65a0,0x0000000087a00000)
 Metaspace       used 20337K, capacity 21118K, committed 21248K, reserved 1067008K
  class space    used 2525K, capacity 2733K, committed 2816K, reserved 1048576K
}
Event: 1.450 GC heap before
{Heap before GC invocations=8 (full 1):
 PSYoungGen      total 139776K, used 3602K [0x00000000d6200000, 0x00000000e7300000, 0x0000000100000000)
  eden space 130048K, 0% used [0x00000000d6200000,0x00000000d6200000,0x00000000de100000)
  from space 9728K, 37% used [0x00000000de100000,0x00000000de484aa8,0x00000000dea80000)
  to   space 9728K, 0% used [0x00000000e6980000,0x00000000e6980000,0x00000000e7300000)
 ParOldGen       total 86016K, used 8153K [0x0000000082600000, 0x0000000087a00000, 0x00000000d6200000)
  object space 86016K, 9% used [0x0000000082600000,0x0000000082df65a0,0x0000000087a00000)
 Metaspace       used 20337K, capacity 21118K, committed 21248K, reserved 1067008K
  class space    used 2525K, capacity 2733K, committed 2816K, reserved 1048576K
Event: 1.480 GC heap after
Heap after GC invocations=8 (full 1):
 PSYoungGen      total 139776K, used 0K [0x00000000d6200000, 0x00000000e7300000, 0x0000000100000000)
  eden space 130048K, 0% used [0x00000000d6200000,0x00000000d6200000,0x00000000de100000)
  from space 9728K, 0% used [0x00000000de100000,0x00000000de100000,0x00000000dea80000)
  to   space 9728K, 0% used [0x00000000e6980000,0x00000000e6980000,0x00000000e7300000)
 ParOldGen       total 51712K, used 6128K [0x0000000082600000, 0x0000000085880000, 0x00000000d6200000)
  object space 51712K, 11% used [0x0000000082600000,0x0000000082bfc2c0,0x0000000085880000)
 Metaspace       used 20335K, capacity 21112K, committed 21248K, reserved 1067008K
  class space    used 2524K, capacity 2732K, committed 2816K, reserved 1048576K
}

