# JRE version: Java(TM) SE Runtime Environment (8.0_241-b07) (build 1.8.0_241-b07)
# Java VM: Java HotSpot(TM) 64-Bit Server VM (25.241-b07 mixed mode windows-amd64 compressed oops)
Heap:
 PSYoungGen      total 186880K, used 21844K [0x00000000d6200000, 0x00000000e2a80000, 0x0000000100000000)
  eden space 175616K, 6% used [0x00000000d6200000,0x00000000d6c57028,0x00000000e0d80000)
  from space 11264K, 99% used [0x00000000e1b80000,0x00000000e267dff0,0x00000000e2680000)
  to   space 14336K, 0% used [0x00000000e0d80000,0x00000000e0d80000,0x00000000e1b80000)
 ParOldGen       total 70656K, used 24150K [0x0000000082600000, 0x0000000086b00000, 0x00000000d6200000)
  object space 70656K, 34% used [0x0000000082600000,0x0000000083d95908,0x0000000086b00000)
 Metaspace       used 45813K, capacity 47967K, committed 48216K, reserved 1091584K
  class space    used 6095K, capacity 6474K, committed 6488K, reserved 1048576K
GC Heap History (10 events):
Event: 1.834 GC heap before
{Heap before GC invocations=8 (full 1):
 PSYoungGen      total 125952K, used 125861K [0x00000000d6200000, 0x00000000ded80000, 0x0000000100000000)
  eden space 122880K, 100% used [0x00000000d6200000,0x00000000dda00000,0x00000000dda00000)
  from space 3072K, 97% used [0x00000000dea80000,0x00000000ded695f8,0x00000000ded80000)
  to   space 9216K, 0% used [0x00000000ddb80000,0x00000000ddb80000,0x00000000de480000)
 ParOldGen       total 45056K, used 5358K [0x0000000082600000, 0x0000000085200000, 0x00000000d6200000)
  object space 45056K, 11% used [0x0000000082600000,0x0000000082b3b808,0x0000000085200000)
 Metaspace       used 23604K, capacity 24470K, committed 24704K, reserved 1071104K
  class space    used 2983K, capacity 3189K, committed 3200K, reserved 1048576K
Event: 1.838 GC heap after
Heap after GC invocations=8 (full 1):
 PSYoungGen      total 132096K, used 6126K [0x00000000d6200000, 0x00000000ded80000, 0x0000000100000000)
  eden space 122880K, 0% used [0x00000000d6200000,0x00000000d6200000,0x00000000dda00000)
  from space 9216K, 66% used [0x00000000ddb80000,0x00000000de17bb40,0x00000000de480000)
  to   space 3072K, 0% used [0x00000000dea80000,0x00000000dea80000,0x00000000ded80000)
 ParOldGen       total 45056K, used 5366K [0x0000000082600000, 0x0000000085200000, 0x00000000d6200000)
  object space 45056K, 11% used [0x0000000082600000,0x0000000082b3d808,0x0000000085200000)
 Metaspace       used 23604K, capacity 24470K, committed 24704K, reserved 1071104K
  class space    used 2983K, capacity 3189K, committed 3200K, reserved 1048576K
}
Event: 2.998 GC heap before
{Heap before GC invocations=9 (full 1):
 PSYoungGen      total 132096K, used 129006K [0x00000000d6200000, 0x00000000ded80000, 0x0000000100000000)
  eden space 122880K, 100% used [0x00000000d6200000,0x00000000dda00000,0x00000000dda00000)
  from space 9216K, 66% used [0x00000000ddb80000,0x00000000de17bb40,0x00000000de480000)
  to   space 3072K, 0% used [0x00000000dea80000,0x00000000dea80000,0x00000000ded80000)
 ParOldGen       total 45056K, used 5366K [0x0000000082600000, 0x0000000085200000, 0x00000000d6200000)
  object space 45056K, 11% used [0x0000000082600000,0x0000000082b3d808,0x0000000085200000)
 Metaspace       used 31627K, capacity 33196K, committed 33280K, reserved 1079296K
  class space    used 4069K, capacity 4348K, committed 4352K, reserved 1048576K
Event: 3.004 GC heap after
Heap after GC invocations=9 (full 1):
 PSYoungGen      total 125952K, used 3047K [0x00000000d6200000, 0x00000000ded80000, 0x0000000100000000)
  eden space 122880K, 0% used [0x00000000d6200000,0x00000000d6200000,0x00000000dda00000)
  from space 3072K, 99% used [0x00000000dea80000,0x00000000ded79fb8,0x00000000ded80000)
  to   space 9216K, 0% used [0x00000000ddb80000,0x00000000ddb80000,0x00000000de480000)
 ParOldGen       total 45056K, used 14846K [0x0000000082600000, 0x0000000085200000, 0x00000000d6200000)
  object space 45056K, 32% used [0x0000000082600000,0x000000008347fbf0,0x0000000085200000)
 Metaspace       used 31627K, capacity 33196K, committed 33280K, reserved 1079296K
  class space    used 4069K, capacity 4348K, committed 4352K, reserved 1048576K
}
Event: 3.367 GC heap before
{Heap before GC invocations=10 (full 1):
 PSYoungGen      total 125952K, used 42962K [0x00000000d6200000, 0x00000000ded80000, 0x0000000100000000)
  eden space 122880K, 32% used [0x00000000d6200000,0x00000000d88fa940,0x00000000dda00000)
  from space 3072K, 99% used [0x00000000dea80000,0x00000000ded79fb8,0x00000000ded80000)
  to   space 9216K, 0% used [0x00000000ddb80000,0x00000000ddb80000,0x00000000de480000)
 ParOldGen       total 45056K, used 14846K [0x0000000082600000, 0x0000000085200000, 0x00000000d6200000)
  object space 45056K, 32% used [0x0000000082600000,0x000000008347fbf0,0x0000000085200000)
 Metaspace       used 33751K, capacity 35381K, committed 35416K, reserved 1079296K
  class space    used 4357K, capacity 4661K, committed 4696K, reserved 1048576K
Event: 3.373 GC heap after
Heap after GC invocations=10 (full 1):
 PSYoungGen      total 133632K, used 5632K [0x00000000d6200000, 0x00000000e2680000, 0x0000000100000000)
  eden space 124416K, 0% used [0x00000000d6200000,0x00000000d6200000,0x00000000ddb80000)
  from space 9216K, 61% used [0x00000000ddb80000,0x00000000de1003c0,0x00000000de480000)
  to   space 11264K, 0% used [0x00000000e1b80000,0x00000000e1b80000,0x00000000e2680000)
 ParOldGen       total 45056K, used 15366K [0x0000000082600000, 0x0000000085200000, 0x00000000d6200000)
  object space 45056K, 34% used [0x0000000082600000,0x0000000083501b88,0x0000000085200000)
 Metaspace       used 33751K, capacity 35381K, committed 35416K, reserved 1079296K
  class space    used 4357K, capacity 4661K, committed 4696K, reserved 1048576K
}
Event: 3.373 GC heap before
{Heap before GC invocations=11 (full 2):
 PSYoungGen      total 133632K, used 5632K [0x00000000d6200000, 0x00000000e2680000, 0x0000000100000000)
  eden space 124416K, 0% used [0x00000000d6200000,0x00000000d6200000,0x00000000ddb80000)
  from space 9216K, 61% used [0x00000000ddb80000,0x00000000de1003c0,0x00000000de480000)
  to   space 11264K, 0% used [0x00000000e1b80000,0x00000000e1b80000,0x00000000e2680000)
 ParOldGen       total 45056K, used 15366K [0x0000000082600000, 0x0000000085200000, 0x00000000d6200000)
  object space 45056K, 34% used [0x0000000082600000,0x0000000083501b88,0x0000000085200000)
 Metaspace       used 33751K, capacity 35381K, committed 35416K, reserved 1079296K
  class space    used 4357K, capacity 4661K, committed 4696K, reserved 1048576K
Event: 3.436 GC heap after
Heap after GC invocations=11 (full 2):
 PSYoungGen      total 133632K, used 0K [0x00000000d6200000, 0x00000000e2680000, 0x0000000100000000)
  eden space 124416K, 0% used [0x00000000d6200000,0x00000000d6200000,0x00000000ddb80000)
  from space 9216K, 0% used [0x00000000ddb80000,0x00000000ddb80000,0x00000000de480000)
  to   space 11264K, 0% used [0x00000000e1b80000,0x00000000e1b80000,0x00000000e2680000)
 ParOldGen       total 70656K, used 18765K [0x0000000082600000, 0x0000000086b00000, 0x00000000d6200000)
  object space 70656K, 26% used [0x0000000082600000,0x00000000838535a8,0x0000000086b00000)
 Metaspace       used 33751K, capacity 35381K, committed 35416K, reserved 1079296K
  class space    used 4357K, capacity 4661K, committed 4696K, reserved 1048576K
}
Event: 4.749 GC heap before
{Heap before GC invocations=12 (full 2):
 PSYoungGen      total 133632K, used 124416K [0x00000000d6200000, 0x00000000e2680000, 0x0000000100000000)
  eden space 124416K, 100% used [0x00000000d6200000,0x00000000ddb80000,0x00000000ddb80000)
  from space 9216K, 0% used [0x00000000ddb80000,0x00000000ddb80000,0x00000000de480000)
  to   space 11264K, 0% used [0x00000000e1b80000,0x00000000e1b80000,0x00000000e2680000)
 ParOldGen       total 70656K, used 18765K [0x0000000082600000, 0x0000000086b00000, 0x00000000d6200000)
  object space 70656K, 26% used [0x0000000082600000,0x00000000838535a8,0x0000000086b00000)
 Metaspace       used 45721K, capacity 47815K, committed 47960K, reserved 1091584K
  class space    used 6083K, capacity 6470K, committed 6488K, reserved 1048576K
Event: 4.760 GC heap after
Heap after GC invocations=12 (full 2):
 PSYoungGen      total 186880K, used 11255K [0x00000000d6200000, 0x00000000e2a80000, 0x0000000100000000)
  eden space 175616K, 0% used [0x00000000d6200000,0x00000000d6200000,0x00000000e0d80000)
  from space 11264K, 99% used [0x00000000e1b80000,0x00000000e267dff0,0x00000000e2680000)
  to   space 14336K, 0% used [0x00000000e0d80000,0x00000000e0d80000,0x00000000e1b80000)
 ParOldGen       total 70656K, used 24150K [0x0000000082600000, 0x0000000086b00000, 0x00000000d6200000)
  object space 70656K, 34% used [0x0000000082600000,0x0000000083d95908,0x0000000086b00000)
 Metaspace       used 45721K, capacity 47815K, committed 47960K, reserved 1091584K
  class space    used 6083K, capacity 6470K, committed 6488K, reserved 1048576K
}

